[2018-11-07T17:17:53,799][WARN ][o.e.b.JNANatives         ] unable to install syscall filter: 
java.lang.UnsupportedOperationException: AssignProcessToJobObject: 5
	at org.elasticsearch.bootstrap.SystemCallFilter.windowsImpl(SystemCallFilter.java:600) ~[elasticsearch-5.6.12.jar:5.6.12]
	at org.elasticsearch.bootstrap.SystemCallFilter.init(SystemCallFilter.java:630) ~[elasticsearch-5.6.12.jar:5.6.12]
	at org.elasticsearch.bootstrap.JNANatives.tryInstallSystemCallFilter(JNANatives.java:258) [elasticsearch-5.6.12.jar:5.6.12]
	at org.elasticsearch.bootstrap.Natives.tryInstallSystemCallFilter(Natives.java:113) [elasticsearch-5.6.12.jar:5.6.12]
	at org.elasticsearch.bootstrap.Bootstrap.initializeNatives(Bootstrap.java:111) [elasticsearch-5.6.12.jar:5.6.12]
	at org.elasticsearch.bootstrap.Bootstrap.setup(Bootstrap.java:195) [elasticsearch-5.6.12.jar:5.6.12]
	at org.elasticsearch.bootstrap.Bootstrap.init(Bootstrap.java:342) [elasticsearch-5.6.12.jar:5.6.12]
	at org.elasticsearch.bootstrap.Elasticsearch.init(Elasticsearch.java:132) [elasticsearch-5.6.12.jar:5.6.12]
	at org.elasticsearch.bootstrap.Elasticsearch.execute(Elasticsearch.java:123) [elasticsearch-5.6.12.jar:5.6.12]
	at org.elasticsearch.cli.EnvironmentAwareCommand.execute(EnvironmentAwareCommand.java:70) [elasticsearch-5.6.12.jar:5.6.12]
	at org.elasticsearch.cli.Command.mainWithoutErrorHandling(Command.java:134) [elasticsearch-5.6.12.jar:5.6.12]
	at org.elasticsearch.cli.Command.main(Command.java:90) [elasticsearch-5.6.12.jar:5.6.12]
	at org.elasticsearch.bootstrap.Elasticsearch.main(Elasticsearch.java:91) [elasticsearch-5.6.12.jar:5.6.12]
	at org.elasticsearch.bootstrap.Elasticsearch.main(Elasticsearch.java:84) [elasticsearch-5.6.12.jar:5.6.12]
[2018-11-07T17:18:48,568][INFO ][o.e.n.Node               ] [] initializing ...
[2018-11-07T17:19:14,076][INFO ][o.e.e.NodeEnvironment    ] [pnIibmX] using [1] data paths, mounts [[(C:)]], net usable_space [365.6gb], net total_space [465.6gb], spins? [unknown], types [NTFS]
[2018-11-07T17:19:14,076][INFO ][o.e.e.NodeEnvironment    ] [pnIibmX] heap size [1.9gb], compressed ordinary object pointers [true]
[2018-11-07T17:19:14,083][INFO ][o.e.n.Node               ] node name [pnIibmX] derived from node ID [pnIibmXxShiQOv02h3Sjfg]; set [node.name] to override
[2018-11-07T17:19:14,085][INFO ][o.e.n.Node               ] version[5.6.12], pid[6376], build[cfe3d9f/2018-09-10T20:12:43.732Z], OS[Windows 7/6.1/amd64], JVM[Oracle Corporation/Java HotSpot(TM) 64-Bit Server VM/1.8.0_191/25.191-b12]
[2018-11-07T17:19:14,086][INFO ][o.e.n.Node               ] JVM arguments [-Xms2g, -Xmx2g, -XX:+UseConcMarkSweepGC, -XX:CMSInitiatingOccupancyFraction=75, -XX:+UseCMSInitiatingOccupancyOnly, -XX:+AlwaysPreTouch, -Xss1m, -Djava.awt.headless=true, -Dfile.encoding=UTF-8, -Djna.nosys=true, -Djdk.io.permissionsUseCanonicalPath=true, -Dio.netty.noUnsafe=true, -Dio.netty.noKeySetOptimization=true, -Dio.netty.recycler.maxCapacityPerThread=0, -Dlog4j.shutdownHookEnabled=false, -Dlog4j2.disable.jmx=true, -Dlog4j.skipJansi=true, -XX:+HeapDumpOnOutOfMemoryError, -Delasticsearch, -Des.path.home=C:\Users\DK\Documents\01_Django\projects\FirstProjectWrap\b_project\elasticsearch-5.6.12]
[2018-11-07T17:20:45,242][INFO ][o.e.p.PluginsService     ] [pnIibmX] loaded module [aggs-matrix-stats]
[2018-11-07T17:20:45,242][INFO ][o.e.p.PluginsService     ] [pnIibmX] loaded module [ingest-common]
[2018-11-07T17:20:45,243][INFO ][o.e.p.PluginsService     ] [pnIibmX] loaded module [lang-expression]
[2018-11-07T17:20:45,243][INFO ][o.e.p.PluginsService     ] [pnIibmX] loaded module [lang-groovy]
[2018-11-07T17:20:45,244][INFO ][o.e.p.PluginsService     ] [pnIibmX] loaded module [lang-mustache]
[2018-11-07T17:20:45,244][INFO ][o.e.p.PluginsService     ] [pnIibmX] loaded module [lang-painless]
[2018-11-07T17:20:45,245][INFO ][o.e.p.PluginsService     ] [pnIibmX] loaded module [parent-join]
[2018-11-07T17:20:45,245][INFO ][o.e.p.PluginsService     ] [pnIibmX] loaded module [percolator]
[2018-11-07T17:20:45,246][INFO ][o.e.p.PluginsService     ] [pnIibmX] loaded module [reindex]
[2018-11-07T17:20:45,246][INFO ][o.e.p.PluginsService     ] [pnIibmX] loaded module [transport-netty3]
[2018-11-07T17:20:45,246][INFO ][o.e.p.PluginsService     ] [pnIibmX] loaded module [transport-netty4]
[2018-11-07T17:20:45,248][INFO ][o.e.p.PluginsService     ] [pnIibmX] no plugins loaded
[2018-11-07T17:22:34,804][INFO ][o.e.d.DiscoveryModule    ] [pnIibmX] using discovery type [zen]
[2018-11-07T17:22:48,052][INFO ][o.e.n.Node               ] initialized
[2018-11-07T17:22:48,053][INFO ][o.e.n.Node               ] [pnIibmX] starting ...
[2018-11-07T17:22:53,207][INFO ][o.e.t.TransportService   ] [pnIibmX] publish_address {127.0.0.1:9300}, bound_addresses {127.0.0.1:9300}, {[::1]:9300}
[2018-11-07T17:22:53,289][WARN ][o.e.b.BootstrapChecks    ] [pnIibmX] system call filters failed to install; check the logs and fix your configuration or disable system call filters at your own risk
[2018-11-07T17:23:10,693][WARN ][o.e.d.z.UnicastZenPing   ] [pnIibmX] timed out after [5s] resolving host [[::1]]
[2018-11-07T17:23:10,712][WARN ][o.e.m.j.JvmGcMonitorService] [pnIibmX] [gc][young][6][2] duration [16.8s], collections [1]/[17.3s], total [16.8s]/[28.1s], memory [280mb]->[42mb]/[1.9gb], all_pools {[young] [260.9mb]->[1.3mb]/[266.2mb]}{[survivor] [19mb]->[33.2mb]/[33.2mb]}{[old] [0b]->[8.8mb]/[1.6gb]}
[2018-11-07T17:23:10,714][WARN ][o.e.m.j.JvmGcMonitorService] [pnIibmX] [gc][6] overhead, spent [16.8s] collecting in the last [17.3s]
[2018-11-07T17:23:14,059][INFO ][o.e.c.s.ClusterService   ] [pnIibmX] new_master {pnIibmX}{pnIibmXxShiQOv02h3Sjfg}{WNx55sKISKqAyz_pHtVJtA}{127.0.0.1}{127.0.0.1:9300}, reason: zen-disco-elected-as-master ([0] nodes joined)[, ]
[2018-11-07T17:23:14,832][INFO ][o.e.g.GatewayService     ] [pnIibmX] recovered [0] indices into cluster_state
[2018-11-07T17:23:15,484][INFO ][o.e.h.n.Netty4HttpServerTransport] [pnIibmX] publish_address {127.0.0.1:9200}, bound_addresses {127.0.0.1:9200}, {[::1]:9200}
[2018-11-07T17:23:15,484][INFO ][o.e.n.Node               ] [pnIibmX] started
[2018-11-07T17:57:18,936][INFO ][o.e.c.m.MetaDataCreateIndexService] [pnIibmX] [addresses] creating index, cause [api], templates [], shards [5]/[1], mappings [doc]
[2018-11-07T17:57:25,338][WARN ][o.e.h.n.Netty4HttpServerTransport] [pnIibmX] caught exception while handling client http traffic, closing connection [id: 0x9e6292c6, L:/127.0.0.1:9200 - R:/127.0.0.1:59838]
java.io.IOException: Удаленный хост принудительно разорвал существующее подключение
	at sun.nio.ch.SocketDispatcher.read0(Native Method) ~[?:?]
	at sun.nio.ch.SocketDispatcher.read(Unknown Source) ~[?:?]
	at sun.nio.ch.IOUtil.readIntoNativeBuffer(Unknown Source) ~[?:?]
	at sun.nio.ch.IOUtil.read(Unknown Source) ~[?:?]
	at sun.nio.ch.SocketChannelImpl.read(Unknown Source) ~[?:?]
	at io.netty.buffer.PooledHeapByteBuf.setBytes(PooledHeapByteBuf.java:261) ~[netty-buffer-4.1.13.Final.jar:4.1.13.Final]
	at io.netty.buffer.AbstractByteBuf.writeBytes(AbstractByteBuf.java:1100) ~[netty-buffer-4.1.13.Final.jar:4.1.13.Final]
	at io.netty.channel.socket.nio.NioSocketChannel.doReadBytes(NioSocketChannel.java:372) ~[netty-transport-4.1.13.Final.jar:4.1.13.Final]
	at io.netty.channel.nio.AbstractNioByteChannel$NioByteUnsafe.read(AbstractNioByteChannel.java:123) [netty-transport-4.1.13.Final.jar:4.1.13.Final]
	at io.netty.channel.nio.NioEventLoop.processSelectedKey(NioEventLoop.java:644) [netty-transport-4.1.13.Final.jar:4.1.13.Final]
	at io.netty.channel.nio.NioEventLoop.processSelectedKeysPlain(NioEventLoop.java:544) [netty-transport-4.1.13.Final.jar:4.1.13.Final]
	at io.netty.channel.nio.NioEventLoop.processSelectedKeys(NioEventLoop.java:498) [netty-transport-4.1.13.Final.jar:4.1.13.Final]
	at io.netty.channel.nio.NioEventLoop.run(NioEventLoop.java:458) [netty-transport-4.1.13.Final.jar:4.1.13.Final]
	at io.netty.util.concurrent.SingleThreadEventExecutor$5.run(SingleThreadEventExecutor.java:858) [netty-common-4.1.13.Final.jar:4.1.13.Final]
	at java.lang.Thread.run(Unknown Source) [?:1.8.0_191]
[2018-11-07T18:18:26,313][WARN ][o.e.h.n.Netty4HttpServerTransport] [pnIibmX] caught exception while handling client http traffic, closing connection [id: 0x91efad0e, L:/0:0:0:0:0:0:0:1:9200 - R:/0:0:0:0:0:0:0:1:59982]
java.io.IOException: Удаленный хост принудительно разорвал существующее подключение
	at sun.nio.ch.SocketDispatcher.read0(Native Method) ~[?:?]
	at sun.nio.ch.SocketDispatcher.read(Unknown Source) ~[?:?]
	at sun.nio.ch.IOUtil.readIntoNativeBuffer(Unknown Source) ~[?:?]
	at sun.nio.ch.IOUtil.read(Unknown Source) ~[?:?]
	at sun.nio.ch.SocketChannelImpl.read(Unknown Source) ~[?:?]
	at io.netty.buffer.PooledHeapByteBuf.setBytes(PooledHeapByteBuf.java:261) ~[netty-buffer-4.1.13.Final.jar:4.1.13.Final]
	at io.netty.buffer.AbstractByteBuf.writeBytes(AbstractByteBuf.java:1100) ~[netty-buffer-4.1.13.Final.jar:4.1.13.Final]
	at io.netty.channel.socket.nio.NioSocketChannel.doReadBytes(NioSocketChannel.java:372) ~[netty-transport-4.1.13.Final.jar:4.1.13.Final]
	at io.netty.channel.nio.AbstractNioByteChannel$NioByteUnsafe.read(AbstractNioByteChannel.java:123) [netty-transport-4.1.13.Final.jar:4.1.13.Final]
	at io.netty.channel.nio.NioEventLoop.processSelectedKey(NioEventLoop.java:644) [netty-transport-4.1.13.Final.jar:4.1.13.Final]
	at io.netty.channel.nio.NioEventLoop.processSelectedKeysPlain(NioEventLoop.java:544) [netty-transport-4.1.13.Final.jar:4.1.13.Final]
	at io.netty.channel.nio.NioEventLoop.processSelectedKeys(NioEventLoop.java:498) [netty-transport-4.1.13.Final.jar:4.1.13.Final]
	at io.netty.channel.nio.NioEventLoop.run(NioEventLoop.java:458) [netty-transport-4.1.13.Final.jar:4.1.13.Final]
	at io.netty.util.concurrent.SingleThreadEventExecutor$5.run(SingleThreadEventExecutor.java:858) [netty-common-4.1.13.Final.jar:4.1.13.Final]
	at java.lang.Thread.run(Unknown Source) [?:1.8.0_191]
[2018-11-07T18:19:41,868][WARN ][o.e.h.n.Netty4HttpServerTransport] [pnIibmX] caught exception while handling client http traffic, closing connection [id: 0xebab2e1b, L:/0:0:0:0:0:0:0:1:9200 - R:/0:0:0:0:0:0:0:1:60083]
java.io.IOException: Удаленный хост принудительно разорвал существующее подключение
	at sun.nio.ch.SocketDispatcher.read0(Native Method) ~[?:?]
	at sun.nio.ch.SocketDispatcher.read(Unknown Source) ~[?:?]
	at sun.nio.ch.IOUtil.readIntoNativeBuffer(Unknown Source) ~[?:?]
	at sun.nio.ch.IOUtil.read(Unknown Source) ~[?:?]
	at sun.nio.ch.SocketChannelImpl.read(Unknown Source) ~[?:?]
	at io.netty.buffer.PooledHeapByteBuf.setBytes(PooledHeapByteBuf.java:261) ~[netty-buffer-4.1.13.Final.jar:4.1.13.Final]
	at io.netty.buffer.AbstractByteBuf.writeBytes(AbstractByteBuf.java:1100) ~[netty-buffer-4.1.13.Final.jar:4.1.13.Final]
	at io.netty.channel.socket.nio.NioSocketChannel.doReadBytes(NioSocketChannel.java:372) ~[netty-transport-4.1.13.Final.jar:4.1.13.Final]
	at io.netty.channel.nio.AbstractNioByteChannel$NioByteUnsafe.read(AbstractNioByteChannel.java:123) [netty-transport-4.1.13.Final.jar:4.1.13.Final]
	at io.netty.channel.nio.NioEventLoop.processSelectedKey(NioEventLoop.java:644) [netty-transport-4.1.13.Final.jar:4.1.13.Final]
	at io.netty.channel.nio.NioEventLoop.processSelectedKeysPlain(NioEventLoop.java:544) [netty-transport-4.1.13.Final.jar:4.1.13.Final]
	at io.netty.channel.nio.NioEventLoop.processSelectedKeys(NioEventLoop.java:498) [netty-transport-4.1.13.Final.jar:4.1.13.Final]
	at io.netty.channel.nio.NioEventLoop.run(NioEventLoop.java:458) [netty-transport-4.1.13.Final.jar:4.1.13.Final]
	at io.netty.util.concurrent.SingleThreadEventExecutor$5.run(SingleThreadEventExecutor.java:858) [netty-common-4.1.13.Final.jar:4.1.13.Final]
	at java.lang.Thread.run(Unknown Source) [?:1.8.0_191]
[2018-11-07T19:07:00,326][WARN ][o.e.m.j.JvmGcMonitorService] [pnIibmX] [gc][young][6164][3] duration [56.9s], collections [1]/[58s], total [56.9s]/[1.4m], memory [308.3mb]->[114.5mb]/[1.9gb], all_pools {[young] [266.2mb]->[2.5mb]/[266.2mb]}{[survivor] [33.2mb]->[31.4mb]/[33.2mb]}{[old] [8.8mb]->[80.4mb]/[1.6gb]}
[2018-11-07T19:07:01,685][WARN ][o.e.m.j.JvmGcMonitorService] [pnIibmX] [gc][6164] overhead, spent [56.9s] collecting in the last [58s]
