[2018-11-06T20:25:13,384][INFO ][o.e.n.Node               ] [] initializing ...
[2018-11-06T20:25:17,866][INFO ][o.e.e.NodeEnvironment    ] [pnIibmX] using [1] data paths, mounts [[(C:)]], net usable_space [367.8gb], net total_space [465.6gb], spins? [unknown], types [NTFS]
[2018-11-06T20:25:17,867][INFO ][o.e.e.NodeEnvironment    ] [pnIibmX] heap size [1.9gb], compressed ordinary object pointers [true]
[2018-11-06T20:25:17,871][INFO ][o.e.n.Node               ] node name [pnIibmX] derived from node ID [pnIibmXxShiQOv02h3Sjfg]; set [node.name] to override
[2018-11-06T20:25:17,872][INFO ][o.e.n.Node               ] version[5.6.12], pid[8412], build[cfe3d9f/2018-09-10T20:12:43.732Z], OS[Windows 7/6.1/amd64], JVM[Oracle Corporation/Java HotSpot(TM) 64-Bit Server VM/1.8.0_191/25.191-b12]
[2018-11-06T20:25:17,873][INFO ][o.e.n.Node               ] JVM arguments [-Xms2g, -Xmx2g, -XX:+UseConcMarkSweepGC, -XX:CMSInitiatingOccupancyFraction=75, -XX:+UseCMSInitiatingOccupancyOnly, -XX:+AlwaysPreTouch, -Xss1m, -Djava.awt.headless=true, -Dfile.encoding=UTF-8, -Djna.nosys=true, -Djdk.io.permissionsUseCanonicalPath=true, -Dio.netty.noUnsafe=true, -Dio.netty.noKeySetOptimization=true, -Dio.netty.recycler.maxCapacityPerThread=0, -Dlog4j.shutdownHookEnabled=false, -Dlog4j2.disable.jmx=true, -Dlog4j.skipJansi=true, -XX:+HeapDumpOnOutOfMemoryError, -Delasticsearch, -Des.path.home=C:\Users\DK\Documents\P\elasticsearch-5.6.12]
[2018-11-06T20:25:51,097][INFO ][o.e.p.PluginsService     ] [pnIibmX] loaded module [aggs-matrix-stats]
[2018-11-06T20:25:51,097][INFO ][o.e.p.PluginsService     ] [pnIibmX] loaded module [ingest-common]
[2018-11-06T20:25:51,097][INFO ][o.e.p.PluginsService     ] [pnIibmX] loaded module [lang-expression]
[2018-11-06T20:25:51,098][INFO ][o.e.p.PluginsService     ] [pnIibmX] loaded module [lang-groovy]
[2018-11-06T20:25:51,098][INFO ][o.e.p.PluginsService     ] [pnIibmX] loaded module [lang-mustache]
[2018-11-06T20:25:51,098][INFO ][o.e.p.PluginsService     ] [pnIibmX] loaded module [lang-painless]
[2018-11-06T20:25:51,098][INFO ][o.e.p.PluginsService     ] [pnIibmX] loaded module [parent-join]
[2018-11-06T20:25:51,099][INFO ][o.e.p.PluginsService     ] [pnIibmX] loaded module [percolator]
[2018-11-06T20:25:51,099][INFO ][o.e.p.PluginsService     ] [pnIibmX] loaded module [reindex]
[2018-11-06T20:25:51,099][INFO ][o.e.p.PluginsService     ] [pnIibmX] loaded module [transport-netty3]
[2018-11-06T20:25:51,099][INFO ][o.e.p.PluginsService     ] [pnIibmX] loaded module [transport-netty4]
[2018-11-06T20:25:51,100][INFO ][o.e.p.PluginsService     ] [pnIibmX] no plugins loaded
[2018-11-06T20:26:06,370][INFO ][o.e.d.DiscoveryModule    ] [pnIibmX] using discovery type [zen]
[2018-11-06T20:26:07,588][INFO ][o.e.n.Node               ] initialized
[2018-11-06T20:26:07,588][INFO ][o.e.n.Node               ] [pnIibmX] starting ...
[2018-11-06T20:28:02,991][INFO ][o.e.t.TransportService   ] [pnIibmX] publish_address {127.0.0.1:9300}, bound_addresses {127.0.0.1:9300}, {[::1]:9300}
[2018-11-06T20:28:07,113][INFO ][o.e.c.s.ClusterService   ] [pnIibmX] new_master {pnIibmX}{pnIibmXxShiQOv02h3Sjfg}{XtEJTcp8QYm_96KCll2RLA}{127.0.0.1}{127.0.0.1:9300}, reason: zen-disco-elected-as-master ([0] nodes joined)[, ]
[2018-11-06T20:28:07,432][INFO ][o.e.g.GatewayService     ] [pnIibmX] recovered [0] indices into cluster_state
[2018-11-06T20:28:07,728][INFO ][o.e.h.n.Netty4HttpServerTransport] [pnIibmX] publish_address {127.0.0.1:9200}, bound_addresses {127.0.0.1:9200}, {[::1]:9200}
[2018-11-06T20:28:07,729][INFO ][o.e.n.Node               ] [pnIibmX] started
[2018-11-06T20:35:44,573][INFO ][o.e.b.Bootstrap          ] running graceful exit on windows
[2018-11-06T20:35:44,574][INFO ][o.e.n.Node               ] [pnIibmX] stopping ...
[2018-11-06T20:35:44,600][INFO ][o.e.n.Node               ] [pnIibmX] stopped
[2018-11-06T20:35:44,600][INFO ][o.e.n.Node               ] [pnIibmX] closing ...
[2018-11-06T20:35:44,628][INFO ][o.e.n.Node               ] [pnIibmX] closed
